<?xml version="1.0" encoding="UTF-8"?>
<testsuite xmlns:xsi="http://www.w3.org/2001/XMLSchema-instance" xsi:noNamespaceSchemaLocation="https://maven.apache.org/surefire/maven-surefire-plugin/xsd/surefire-test-report-3.0.xsd" version="3.0" name="com.examly.springapp.SpringappApplicationTests" time="3.825" tests="62" errors="0" skipped="0" failures="1">
  <properties>
[...]
</properties>
  <testcase name="Day3_test_Controller_Directory_Exists" classname="com.examly.springapp.SpringappApplicationTests" time="0.135">
    <system-out><![CDATA[04:10:26.873 [main] DEBUG org.springframework.boot.test.context.SpringBootTestContextBootstrapper - Neither @ContextConfiguration nor @ContextHierarchy found for test class [SpringappApplicationTests]: using SpringBootContextLoader
04:10:26.877 [main] DEBUG org.springframework.test.context.support.AbstractContextLoader - Could not detect default resource locations for test class [com.examly.springapp.SpringappApplicationTests]: no resource found for suffixes {-context.xml, Context.groovy}.
04:10:26.878 [main] INFO org.springframework.test.context.support.AnnotationConfigContextLoaderUtils - Could not detect default configuration classes for test class [com.examly.springapp.SpringappApplicationTests]: SpringappApplicationTests does not declare any static, non-private, non-final, nested classes annotated with @Configuration.
04:10:26.904 [main] DEBUG org.springframework.boot.test.context.SpringBootTestContextBootstrapper - Using ContextCustomizers for test class [SpringappApplicationTests]: [ImportsContextCustomizer, ExcludeFilterContextCustomizer, DuplicateJsonObjectContextCustomizer, MockitoContextCustomizer, TestRestTemplateContextCustomizer, DisableObservabilityContextCustomizer, PropertyMappingContextCustomizer, Customizer]
04:10:26.948 [main] DEBUG org.springframework.context.annotation.ClassPathScanningCandidateComponentProvider - Identified candidate component class: file [/home/coder/project/workspace/springapp/target/classes/com/examly/springapp/SpringappApplication.class]
04:10:26.949 [main] INFO org.springframework.boot.test.context.SpringBootTestContextBootstrapper - Found @SpringBootConfiguration com.examly.springapp.SpringappApplication for test class com.examly.springapp.SpringappApplicationTests
04:10:27.012 [main] DEBUG org.springframework.boot.test.context.SpringBootTestContextBootstrapper - Using TestExecutionListeners for test class [SpringappApplicationTests]: [ServletTestExecutionListener, DirtiesContextBeforeModesTestExecutionListener, ApplicationEventsTestExecutionListener, MockitoTestExecutionListener, DependencyInjectionTestExecutionListener, DirtiesContextTestExecutionListener, TransactionalTestExecutionListener, SqlScriptsTestExecutionListener, EventPublishingTestExecutionListener, ResetMocksTestExecutionListener, RestDocsTestExecutionListener, MockRestServiceServerResetTestExecutionListener, MockMvcPrintOnlyOnFailureTestExecutionListener, WebDriverTestExecutionListener, MockWebServiceServerTestExecutionListener]
04:10:27.013 [main] DEBUG org.springframework.test.context.support.AbstractDirtiesContextTestExecutionListener - Before test class: class [SpringappApplicationTests], class annotated with @DirtiesContext [false] with mode [null]

  .   ____          _            __ _ _
 /\\ / ___'_ __ _ _(_)_ __  __ _ \ \ \ \
( ( )\___ | '_ | '_| | '_ \/ _` | \ \ \ \
 \\/  ___)| |_)| | | | | || (_| |  ) ) ) )
  '  |____| .__|_| |_|_| |_\__, | / / / /
 =========|_|==============|___/=/_/_/_/
 :: Spring Boot ::                (v3.0.1)

2025-12-24T04:10:27.205Z  INFO 11842 --- [           main] c.e.springapp.SpringappApplicationTests  : Starting SpringappApplicationTests using Java 17.0.17 with PID 11842 (started by coder in /home/coder/project/workspace/springapp)
2025-12-24T04:10:27.206Z  INFO 11842 --- [           main] c.e.springapp.SpringappApplicationTests  : No active profile set, falling back to 1 default profile: "default"
2025-12-24T04:10:27.633Z  INFO 11842 --- [           main] .s.d.r.c.RepositoryConfigurationDelegate : Bootstrapping Spring Data JPA repositories in DEFAULT mode.
2025-12-24T04:10:27.673Z  INFO 11842 --- [           main] .s.d.r.c.RepositoryConfigurationDelegate : Finished Spring Data repository scanning in 35 ms. Found 4 JPA repository interfaces.
2025-12-24T04:10:28.003Z  INFO 11842 --- [           main] o.hibernate.jpa.internal.util.LogHelper  : HHH000204: Processing PersistenceUnitInfo [name: default]
2025-12-24T04:10:28.032Z  INFO 11842 --- [           main] org.hibernate.Version                    : HHH000412: Hibernate ORM core version 6.1.6.Final
2025-12-24T04:10:28.134Z  WARN 11842 --- [           main] org.hibernate.orm.deprecation            : HHH90000021: Encountered deprecated setting [javax.persistence.sharedCache.mode], use [jakarta.persistence.sharedCache.mode] instead
2025-12-24T04:10:28.218Z  INFO 11842 --- [           main] com.zaxxer.hikari.HikariDataSource       : HikariPool-1 - Starting...
2025-12-24T04:10:28.336Z  INFO 11842 --- [           main] com.zaxxer.hikari.pool.HikariPool        : HikariPool-1 - Added connection com.mysql.cj.jdbc.ConnectionImpl@66020d69
2025-12-24T04:10:28.338Z  INFO 11842 --- [           main] com.zaxxer.hikari.HikariDataSource       : HikariPool-1 - Start completed.
2025-12-24T04:10:28.353Z  INFO 11842 --- [           main] SQL dialect                              : HHH000400: Using dialect: org.hibernate.dialect.MySQL8Dialect
2025-12-24T04:10:28.353Z  WARN 11842 --- [           main] org.hibernate.orm.deprecation            : HHH90000026: MySQL8Dialect has been deprecated; use org.hibernate.dialect.MySQLDialect instead
Hibernate: alter table guarantor drop foreign key FKj373af39h6taufai14qiy5k4k
Hibernate: alter table loan drop foreign key FKcwv05agfqwg5ndy6adbefsx7d
Hibernate: alter table loan drop foreign key FKa8ib26cnthd04w8sk4wy5f15h
Hibernate: alter table payment drop foreign key FKwcf8o5yyx2wta08ttnu70w6n
Hibernate: drop table if exists customer
Hibernate: drop table if exists customer_seq
Hibernate: drop table if exists guarantor
Hibernate: drop table if exists guarantor_seq
Hibernate: drop table if exists loan
Hibernate: drop table if exists loan_seq
Hibernate: drop table if exists loan_type_seq
Hibernate: drop table if exists loan_type
Hibernate: drop table if exists payment
Hibernate: drop table if exists payment_seq
Hibernate: create table customer (customer_id bigint not null, address varchar(255), credit_score float(53), customer_name varchar(255), email varchar(255), phone_number varchar(255), primary key (customer_id)) engine=InnoDB
Hibernate: create table customer_seq (next_val bigint) engine=InnoDB
Hibernate: insert into customer_seq values ( 1 )
Hibernate: create table guarantor (guarantor_id bigint not null, guarantor_name varchar(255), email varchar(255), phone_number varchar(255), load_id bigint, primary key (guarantor_id)) engine=InnoDB
Hibernate: create table guarantor_seq (next_val bigint) engine=InnoDB
Hibernate: insert into guarantor_seq values ( 1 )
Hibernate: create table loan (loan_id bigint not null, interest_rate float(53), loan_amount float(53), status smallint, tenure_months integer not null, customer_id bigint, load_type bigint, primary key (loan_id)) engine=InnoDB
Hibernate: create table loan_seq (next_val bigint) engine=InnoDB
Hibernate: insert into loan_seq values ( 1 )
Hibernate: create table loan_type_seq (next_val bigint) engine=InnoDB
Hibernate: insert into loan_type_seq values ( 1 )
Hibernate: create table loan_type (loan_type_id bigint not null, description varchar(255), interest_rate float(53), type_name varchar(255), primary key (loan_type_id)) engine=InnoDB
Hibernate: create table payment (payment_id bigint not null, amount float(53), payment_date varchar(255), load_id bigint, primary key (payment_id)) engine=InnoDB
Hibernate: create table payment_seq (next_val bigint) engine=InnoDB
Hibernate: insert into payment_seq values ( 1 )
Hibernate: alter table guarantor add constraint FKj373af39h6taufai14qiy5k4k foreign key (load_id) references loan (loan_id)
Hibernate: alter table loan add constraint FKcwv05agfqwg5ndy6adbefsx7d foreign key (customer_id) references customer (customer_id)
Hibernate: alter table loan add constraint FKa8ib26cnthd04w8sk4wy5f15h foreign key (load_type) references loan_type (loan_type_id)
Hibernate: alter table payment add constraint FKwcf8o5yyx2wta08ttnu70w6n foreign key (load_id) references loan (loan_id)
2025-12-24T04:10:29.273Z  INFO 11842 --- [           main] o.h.e.t.j.p.i.JtaPlatformInitiator       : HHH000490: Using JtaPlatform implementation: [org.hibernate.engine.transaction.jta.platform.internal.NoJtaPlatform]
2025-12-24T04:10:29.279Z  INFO 11842 --- [           main] j.LocalContainerEntityManagerFactoryBean : Initialized JPA EntityManagerFactory for persistence unit 'default'
2025-12-24T04:10:29.638Z  WARN 11842 --- [           main] JpaBaseConfiguration$JpaWebConfiguration : spring.jpa.open-in-view is enabled by default. Therefore, database queries may be performed during view rendering. Explicitly configure spring.jpa.open-in-view to disable this warning
2025-12-24T04:10:29.887Z  INFO 11842 --- [           main] o.s.b.t.m.w.SpringBootMockServletContext : Initializing Spring TestDispatcherServlet ''
2025-12-24T04:10:29.887Z  INFO 11842 --- [           main] o.s.t.web.servlet.TestDispatcherServlet  : Initializing Servlet ''
2025-12-24T04:10:29.889Z  INFO 11842 --- [           main] o.s.t.web.servlet.TestDispatcherServlet  : Completed initialization in 1 ms
2025-12-24T04:10:29.903Z  INFO 11842 --- [           main] c.e.springapp.SpringappApplicationTests  : Started SpringappApplicationTests in 2.864 seconds (process running for 3.548)
]]></system-out>
  </testcase>
  <testcase name="Day3_test_Model_Directory_Exists" classname="com.examly.springapp.SpringappApplicationTests" time="0.002"/>
  <testcase name="Day3_test_Service_Directory_Exists" classname="com.examly.springapp.SpringappApplicationTests" time="0.002"/>
  <testcase name="Day3_test_Repository_Directory_Exists" classname="com.examly.springapp.SpringappApplicationTests" time="0.003"/>
  <testcase name="Day4_test_CustomerModel_File_Exists" classname="com.examly.springapp.SpringappApplicationTests" time="0.002"/>
  <testcase name="Day4_test_LoanTypeModel_File_Exists" classname="com.examly.springapp.SpringappApplicationTests" time="0.002"/>
  <testcase name="Day4_test_Loan_File_Exists" classname="com.examly.springapp.SpringappApplicationTests" time="0.002"/>
  <testcase name="Day4_test_Payment_File_Exists" classname="com.examly.springapp.SpringappApplicationTests" time="0.001"/>
  <testcase name="Day4_test_Guarantor_File_Exists" classname="com.examly.springapp.SpringappApplicationTests" time="0.001"/>
  <testcase name="Day4_test_Loan_Has_Entity_Annotation" classname="com.examly.springapp.SpringappApplicationTests" time="0.002"/>
  <testcase name="test_Loan_Has_Id_Annotation_On_Field" classname="com.examly.springapp.SpringappApplicationTests" time="0.002"/>
  <testcase name="Day5_testCustomerRepo_File_Exists" classname="com.examly.springapp.SpringappApplicationTests" time="0.001"/>
  <testcase name="Day5_testLoanTypeRepo_File_Exists" classname="com.examly.springapp.SpringappApplicationTests" time="0.002"/>
  <testcase name="Day5_testLoanRepo_File_Exists" classname="com.examly.springapp.SpringappApplicationTests" time="0.002"/>
  <testcase name="Day5_testGuarantorRepo_File_Exists" classname="com.examly.springapp.SpringappApplicationTests" time="0.001"/>
  <testcase name="Day5_test_LoanRepo_Has_Repository_Annotation" classname="com.examly.springapp.SpringappApplicationTests" time="0.002"/>
  <testcase name="Day5_test_CustomerRepo_Has_Repository_Annotation" classname="com.examly.springapp.SpringappApplicationTests" time="0.002"/>
  <testcase name="Day5_test_GuarantorRepo_Has_Repository_Annotation" classname="com.examly.springapp.SpringappApplicationTests" time="0.002"/>
  <testcase name="Day6_test_CustomerController_File_Exists" classname="com.examly.springapp.SpringappApplicationTests" time="0.002"/>
  <testcase name="Day6_test_LoanController_Has_RestController_Annotation" classname="com.examly.springapp.SpringappApplicationTests" time="0.001"/>
  <testcase name="Day6_test_CustomerController_Has_PostMapping" classname="com.examly.springapp.SpringappApplicationTests" time="0.001"/>
  <testcase name="Day6_test_CustomerController_Has_GetMapping" classname="com.examly.springapp.SpringappApplicationTests" time="0.002"/>
  <testcase name="Day6_test_CustomerController_Has_PutMapping" classname="com.examly.springapp.SpringappApplicationTests" time="0.002"/>
  <testcase name="Day6_test_CustomerController_Has_DeleteMapping" classname="com.examly.springapp.SpringappApplicationTests" time="0.002"/>
  <testcase name="Day6_testCreateCustomer_NoBody_StatusBadRequest" classname="com.examly.springapp.SpringappApplicationTests" time="0.074">
    <system-out><![CDATA[2025-12-24T04:10:30.176Z  WARN 11842 --- [           main] .w.s.m.s.DefaultHandlerExceptionResolver : Resolved [org.springframework.http.converter.HttpMessageNotReadableException: Required request body is missing: public org.springframework.http.ResponseEntity<com.examly.springapp.model.Customer> com.examly.springapp.controller.CustomerController.addCustomer(com.examly.springapp.model.Customer)]
]]></system-out>
  </testcase>
  <testcase name="Day7_test_CustomerController_Has_RequestMapping" classname="com.examly.springapp.SpringappApplicationTests" time="0.002"/>
  <testcase name="Day7_test_CustomerController_Has_PathVariable" classname="com.examly.springapp.SpringappApplicationTests" time="0.003"/>
  <testcase name="Day7_test_LoanController_Has_RequestMapping" classname="com.examly.springapp.SpringappApplicationTests" time="0.002"/>
  <testcase name="Day7_test_LoanTypeController_Has_RequestMapping" classname="com.examly.springapp.SpringappApplicationTests" time="0.002"/>
  <testcase name="Day7_test_LoanController_Has_PathVariable" classname="com.examly.springapp.SpringappApplicationTests" time="0.002"/>
  <testcase name="Day7_test_LoanTypeController_Has_PathVariable" classname="com.examly.springapp.SpringappApplicationTests" time="0.002"/>
  <testcase name="Day7_test_PaymentController_Has_RequestMapping" classname="com.examly.springapp.SpringappApplicationTests" time="0.001"/>
  <testcase name="Day8_test_CustomerService_File_Exists" classname="com.examly.springapp.SpringappApplicationTests" time="0.002"/>
  <testcase name="Day8_test_LoanTypeService_File_Exists" classname="com.examly.springapp.SpringappApplicationTests" time="0.002"/>
  <testcase name="Day8_test_LoanService_File_Exists" classname="com.examly.springapp.SpringappApplicationTests" time="0.001"/>
  <testcase name="Day8_testAddCustomer" classname="com.examly.springapp.SpringappApplicationTests" time="0.099">
    <system-out><![CDATA[Hibernate: select next_val as id_val from customer_seq for update
Hibernate: update customer_seq set next_val= ? where next_val=?
Hibernate: insert into customer (address, credit_score, customer_name, email, phone_number, customer_id) values (?, ?, ?, ?, ?, ?)
]]></system-out>
  </testcase>
  <testcase name="Day8_testGetAllCustomers" classname="com.examly.springapp.SpringappApplicationTests" time="0.06">
    <system-out><![CDATA[Hibernate: select c1_0.customer_id,c1_0.address,c1_0.credit_score,c1_0.customer_name,c1_0.email,c1_0.phone_number from customer c1_0
]]></system-out>
  </testcase>
  <testcase name="Day8_testGetCustomerById" classname="com.examly.springapp.SpringappApplicationTests" time="0.011">
    <system-out><![CDATA[Hibernate: select c1_0.customer_id,c1_0.address,c1_0.credit_score,c1_0.customer_name,c1_0.email,c1_0.phone_number from customer c1_0 where c1_0.customer_id=?
]]></system-out>
  </testcase>
  <testcase name="Day8_testUpdateCustomer" classname="com.examly.springapp.SpringappApplicationTests" time="0.011">
    <system-out><![CDATA[Hibernate: select c1_0.customer_id,c1_0.address,c1_0.credit_score,c1_0.customer_name,c1_0.email,c1_0.phone_number from customer c1_0 where c1_0.customer_id=?
Hibernate: update customer set address=?, credit_score=?, customer_name=?, email=?, phone_number=? where customer_id=?
]]></system-out>
  </testcase>
  <testcase name="Day9_testPagination_PageNumberApplied" classname="com.examly.springapp.SpringappApplicationTests" time="0.017">
    <system-out><![CDATA[Hibernate: select c1_0.customer_id,c1_0.address,c1_0.credit_score,c1_0.customer_name,c1_0.email,c1_0.phone_number from customer c1_0 limit ?,?
]]></system-out>
  </testcase>
  <testcase name="Day9_testPagination_PageSizeApplied" classname="com.examly.springapp.SpringappApplicationTests" time="0.01">
    <system-out><![CDATA[Hibernate: select c1_0.customer_id,c1_0.address,c1_0.credit_score,c1_0.customer_name,c1_0.email,c1_0.phone_number from customer c1_0 limit ?,?
Hibernate: select count(c1_0.customer_id) from customer c1_0
]]></system-out>
  </testcase>
  <testcase name="Day9_testPagination_SortingPresent" classname="com.examly.springapp.SpringappApplicationTests" time="0.007">
    <system-out><![CDATA[Hibernate: select c1_0.customer_id,c1_0.address,c1_0.credit_score,c1_0.customer_name,c1_0.email,c1_0.phone_number from customer c1_0 limit ?,?
]]></system-out>
  </testcase>
  <testcase name="Day9_testPagination_ContentArrayExists" classname="com.examly.springapp.SpringappApplicationTests" time="0.006">
    <system-out><![CDATA[Hibernate: select c1_0.customer_id,c1_0.address,c1_0.credit_score,c1_0.customer_name,c1_0.email,c1_0.phone_number from customer c1_0 limit ?,?
]]></system-out>
  </testcase>
  <testcase name="Day9_testPagination_TotalElementsExists" classname="com.examly.springapp.SpringappApplicationTests" time="0.005">
    <system-out><![CDATA[Hibernate: select c1_0.customer_id,c1_0.address,c1_0.credit_score,c1_0.customer_name,c1_0.email,c1_0.phone_number from customer c1_0 limit ?,?
]]></system-out>
  </testcase>
  <testcase name="Day9_testPagination_TotalPagesExists" classname="com.examly.springapp.SpringappApplicationTests" time="0.005">
    <system-out><![CDATA[Hibernate: select c1_0.customer_id,c1_0.address,c1_0.credit_score,c1_0.customer_name,c1_0.email,c1_0.phone_number from customer c1_0 limit ?,?
]]></system-out>
  </testcase>
  <testcase name="Day10_testAddLoanType" classname="com.examly.springapp.SpringappApplicationTests" time="0.012">
    <system-out><![CDATA[Hibernate: select next_val as id_val from loan_type_seq for update
Hibernate: update loan_type_seq set next_val= ? where next_val=?
Hibernate: insert into loan_type (description, interest_rate, type_name, loan_type_id) values (?, ?, ?, ?)
]]></system-out>
  </testcase>
  <testcase name="Day10_testGetAllLoanTypes" classname="com.examly.springapp.SpringappApplicationTests" time="0.005">
    <system-out><![CDATA[Hibernate: select l1_0.loan_type_id,l1_0.description,l1_0.interest_rate,l1_0.type_name from loan_type l1_0
]]></system-out>
  </testcase>
  <testcase name="Day10_testUpdateLoanType" classname="com.examly.springapp.SpringappApplicationTests" time="0.009">
    <system-out><![CDATA[Hibernate: select l1_0.loan_type_id,l1_0.description,l1_0.interest_rate,l1_0.type_name from loan_type l1_0 where l1_0.loan_type_id=?
Hibernate: update loan_type set description=?, interest_rate=?, type_name=? where loan_type_id=?
]]></system-out>
  </testcase>
  <testcase name="Day10_testAddLoan" classname="com.examly.springapp.SpringappApplicationTests" time="0.017">
    <system-out><![CDATA[Hibernate: select next_val as id_val from loan_seq for update
Hibernate: update loan_seq set next_val= ? where next_val=?
Hibernate: insert into loan (customer_id, interest_rate, loan_amount, load_type, status, tenure_months, loan_id) values (?, ?, ?, ?, ?, ?, ?)
]]></system-out>
  </testcase>
  <testcase name="Day10_testGetAllLoans" classname="com.examly.springapp.SpringappApplicationTests" time="0.008">
    <system-out><![CDATA[Hibernate: select l1_0.loan_id,l1_0.customer_id,l1_0.interest_rate,l1_0.loan_amount,l1_0.load_type,l1_0.status,l1_0.tenure_months from loan l1_0
]]></system-out>
  </testcase>
  <testcase name="Day10_testGetLoanById" classname="com.examly.springapp.SpringappApplicationTests" time="0.005">
    <system-out><![CDATA[Hibernate: select l1_0.loan_id,c1_0.customer_id,c1_0.address,c1_0.credit_score,c1_0.customer_name,c1_0.email,c1_0.phone_number,l1_0.interest_rate,l1_0.loan_amount,l2_0.loan_type_id,l2_0.description,l2_0.interest_rate,l2_0.type_name,l1_0.status,l1_0.tenure_months from loan l1_0 left join customer c1_0 on c1_0.customer_id=l1_0.customer_id left join loan_type l2_0 on l2_0.loan_type_id=l1_0.load_type where l1_0.loan_id=?
]]></system-out>
  </testcase>
  <testcase name="Day10_testUpdateLoan" classname="com.examly.springapp.SpringappApplicationTests" time="0.009">
    <system-out><![CDATA[Hibernate: select l1_0.loan_id,c1_0.customer_id,c1_0.address,c1_0.credit_score,c1_0.customer_name,c1_0.email,c1_0.phone_number,l1_0.interest_rate,l1_0.loan_amount,l2_0.loan_type_id,l2_0.description,l2_0.interest_rate,l2_0.type_name,l1_0.status,l1_0.tenure_months from loan l1_0 left join customer c1_0 on c1_0.customer_id=l1_0.customer_id left join loan_type l2_0 on l2_0.loan_type_id=l1_0.load_type where l1_0.loan_id=?
Hibernate: update loan set customer_id=?, interest_rate=?, loan_amount=?, load_type=?, status=?, tenure_months=? where loan_id=?
]]></system-out>
  </testcase>
  <testcase name="Day11_testGetLoansByStatus" classname="com.examly.springapp.SpringappApplicationTests" time="0.018">
    <system-out><![CDATA[Hibernate: select l1_0.loan_id,l1_0.customer_id,l1_0.interest_rate,l1_0.loan_amount,l1_0.load_type,l1_0.status,l1_0.tenure_months from loan l1_0 where l1_0.status=?
]]></system-out>
  </testcase>
  <testcase name="Day12_testGetCustomerByEmail" classname="com.examly.springapp.SpringappApplicationTests" time="0.019">
    <system-out><![CDATA[Hibernate: select c1_0.customer_id,c1_0.address,c1_0.credit_score,c1_0.customer_name,c1_0.email,c1_0.phone_number from customer c1_0 where c1_0.email=?
]]></system-out>
  </testcase>
  <testcase name="Day12_testGetCustomersByCreditScore" classname="com.examly.springapp.SpringappApplicationTests" time="0.006">
    <failure type="java.lang.AssertionError"><![CDATA[java.lang.AssertionError: Status expected:<200> but was:<404>
	at com.examly.springapp.SpringappApplicationTests.Day12_testGetCustomersByCreditScore(SpringappApplicationTests.java:792)
]]></failure>
    <system-out><![CDATA[Hibernate: select c1_0.customer_id,c1_0.address,c1_0.credit_score,c1_0.customer_name,c1_0.email,c1_0.phone_number from customer c1_0 where c1_0.credit_score=?

MockHttpServletRequest:
      HTTP Method = GET
      Request URI = /api/customers/creditScore/700.0
       Parameters = {}
          Headers = [Accept:"application/json"]
             Body = null
    Session Attrs = {}

Handler:
             Type = com.examly.springapp.controller.CustomerController
           Method = com.examly.springapp.controller.CustomerController#getCustomerByCreditScore(Double)

Async:
    Async started = false
     Async result = null

Resolved Exception:
             Type = null

ModelAndView:
        View name = null
             View = null
            Model = null

FlashMap:
       Attributes = null

MockHttpServletResponse:
           Status = 404
    Error message = null
          Headers = [Content-Disposition:"inline;filename=f.txt", Content-Type:"application/json", Content-Length:"45"]
     Content type = application/json
             Body = No customers found with credit score >= 700.0
    Forwarded URL = null
   Redirected URL = null
          Cookies = []
]]></system-out>
  </testcase>
  <testcase name="Day12_testGetLoansByStatus_NotFound" classname="com.examly.springapp.SpringappApplicationTests" time="0.005">
    <system-out><![CDATA[Hibernate: select l1_0.loan_id,l1_0.customer_id,l1_0.interest_rate,l1_0.loan_amount,l1_0.load_type,l1_0.status,l1_0.tenure_months from loan l1_0 where l1_0.status=?
]]></system-out>
  </testcase>
  <testcase name="Day12_testGetCustomersByCreditScore_NotFound" classname="com.examly.springapp.SpringappApplicationTests" time="0.004">
    <system-out><![CDATA[Hibernate: select c1_0.customer_id,c1_0.address,c1_0.credit_score,c1_0.customer_name,c1_0.email,c1_0.phone_number from customer c1_0 where c1_0.credit_score=?
]]></system-out>
  </testcase>
  <testcase name="Day12_testGetCustomerByEmail_NotFound" classname="com.examly.springapp.SpringappApplicationTests" time="0.006">
    <system-out><![CDATA[Hibernate: select c1_0.customer_id,c1_0.address,c1_0.credit_score,c1_0.customer_name,c1_0.email,c1_0.phone_number from customer c1_0 where c1_0.email=?
]]></system-out>
  </testcase>
  <testcase name="Day13_test_exception_Directory_Exists" classname="com.examly.springapp.SpringappApplicationTests" time="0.002"/>
  <testcase name="Day13_test_GlobalException_File_Exists" classname="com.examly.springapp.SpringappApplicationTests" time="0.002"/>
  <testcase name="Day14_test_configuration_Directory_Exists" classname="com.examly.springapp.SpringappApplicationTests" time="0.002"/>
  <testcase name="Day15_testAOPLogFileExists" classname="com.examly.springapp.SpringappApplicationTests" time="0.001"/>
</testsuite>